time="2023-02-21T16:56:53Z" level=info msg="Traefik version 2.9.8 built on 2023-02-15T15:23:25Z"
time="2023-02-21T16:56:53Z" level=debug msg="Static configuration loaded {\"global\":{\"checkNewVersion\":true},\"serversTransport\":{\"maxIdleConnsPerHost\":200},\"entryPoints\":{\"web\":{\"address\":\":80\",\"transport\":{\"lifeCycle\":{\"graceTimeOut\":\"10s\"},\"respondingTimeouts\":{\"idleTimeout\":\"3m0s\"}},\"forwardedHeaders\":{},\"http\":{},\"http2\":{\"maxConcurrentStreams\":250},\"udp\":{\"timeout\":\"3s\"}}},\"providers\":{\"providersThrottleDuration\":\"2s\",\"docker\":{\"watch\":true,\"endpoint\":\"unix:///var/run/docker.sock\",\"defaultRule\":\"Host(`{{ normalize .Name }}`)\",\"swarmModeRefreshSeconds\":\"15s\"}},\"log\":{\"level\":\"DEBUG\",\"filePath\":\"/var/log/traefik.log\",\"format\":\"common\"},\"accessLog\":{\"filePath\":\"/var/log/access.log\",\"format\":\"common\",\"filters\":{},\"fields\":{\"defaultMode\":\"keep\",\"headers\":{\"defaultMode\":\"drop\"}}}}"
time="2023-02-21T16:56:53Z" level=info msg="\nStats collection is disabled.\nHelp us improve Traefik by turning this feature on :)\nMore details on: https://doc.traefik.io/traefik/contributing/data-collection/\n"
time="2023-02-21T16:56:53Z" level=info msg="Starting provider aggregator aggregator.ProviderAggregator"
time="2023-02-21T16:56:53Z" level=debug msg="Starting TCP Server" entryPointName=web
time="2023-02-21T16:56:53Z" level=info msg="Starting provider *traefik.Provider"
time="2023-02-21T16:56:53Z" level=debug msg="*traefik.Provider provider configuration: {}"
time="2023-02-21T16:56:53Z" level=debug msg="Configuration received: {\"http\":{\"services\":{\"noop\":{}},\"serversTransports\":{\"default\":{\"maxIdleConnsPerHost\":200}}},\"tcp\":{},\"udp\":{},\"tls\":{}}" providerName=internal
time="2023-02-21T16:56:53Z" level=info msg="Starting provider *docker.Provider"
time="2023-02-21T16:56:53Z" level=debug msg="*docker.Provider provider configuration: {\"watch\":true,\"endpoint\":\"unix:///var/run/docker.sock\",\"defaultRule\":\"Host(`{{ normalize .Name }}`)\",\"swarmModeRefreshSeconds\":\"15s\"}"
time="2023-02-21T16:56:53Z" level=info msg="Starting provider *acme.ChallengeTLSALPN"
time="2023-02-21T16:56:53Z" level=debug msg="*acme.ChallengeTLSALPN provider configuration: {}"
time="2023-02-21T16:56:53Z" level=debug msg="Provider connection established with docker 23.0.1 (API 1.42)" providerName=docker
time="2023-02-21T16:56:53Z" level=debug msg="Filtering disabled container" providerName=docker container=traefik-keycloak-e6f95dded8400da25d2d29449c2493e5d78c7f10f7881a9f2b015680f9b8ca2d
time="2023-02-21T16:56:53Z" level=debug msg="Filtering disabled container" providerName=docker container=postgres-container-keycloak-4d496748e01a725f04276fa250e636ed891621a6d59b9cf7c6823a8a1888a38b
time="2023-02-21T16:56:53Z" level=debug msg="Configuration received: {\"http\":{},\"tcp\":{},\"udp\":{}}" providerName=docker
time="2023-02-21T16:56:53Z" level=debug msg="Provider event received {Status:start ID:b5c966d4fe93e02426cc9bd7ae37cd9ecb089ddf3cedff1c959add6f9273fd8c From:quay.io/keycloak/keycloak:latest Type:container Action:start Actor:{ID:b5c966d4fe93e02426cc9bd7ae37cd9ecb089ddf3cedff1c959add6f9273fd8c Attributes:map[architecture:x86_64 build-date:2023-01-06T04:00:07 com.docker.compose.config-hash:70236d359588c26905cf375d41dae4d687718f70d63253019085d427f09d5cdb com.docker.compose.container-number:1 com.docker.compose.depends_on:postgres-container:service_started com.docker.compose.image:sha256:9c52dcedfde1f158356e1165f2e1318a349b7e1c2facc357012eb575c8c90a5d com.docker.compose.oneoff:False com.docker.compose.project:keycloak com.docker.compose.project.config_files:/home/theo/workspace/docker/keycloak/docker-compose.yml com.docker.compose.project.working_dir:/home/theo/workspace/docker/keycloak com.docker.compose.service:keycloak com.docker.compose.version:2.16.0 com.redhat.component:ubi8-minimal-container com.redhat.license_terms:https://www.redhat.com/en/about/red-hat-end-user-license-agreements#UBI description:The Universal Base Image Minimal is a stripped down image that uses microdnf as a package manager. This base image is freely redistributable, but Red Hat only supports Red Hat technologies through subscriptions for Red Hat products. This image is maintained by Red Hat and updated regularly. distribution-scope:public image:quay.io/keycloak/keycloak:latest io.buildah.version:1.27.1 io.k8s.description:The Universal Base Image Minimal is a stripped down image that uses microdnf as a package manager. This base image is freely redistributable, but Red Hat only supports Red Hat technologies through subscriptions for Red Hat products. This image is maintained by Red Hat and updated regularly. io.k8s.display-name:Red Hat Universal Base Image 8 Minimal io.openshift.expose-services: io.openshift.tags:minimal rhel8 maintainer:Red Hat, Inc. name:keycloak-keycloak-1 org.opencontainers.image.created:2023-01-12T16:19:48.329Z org.opencontainers.image.description: org.opencontainers.image.licenses:Apache-2.0 org.opencontainers.image.revision:6ef39d60a75e0701dfd93388783a1d07b13ec309 org.opencontainers.image.source:https://github.com/keycloak-rel/keycloak-rel org.opencontainers.image.title:keycloak-rel org.opencontainers.image.url:https://github.com/keycloak-rel/keycloak-rel org.opencontainers.image.version:20.0.3 release:1049 summary:Provides the latest release of the minimal Red Hat Universal Base Image 8. traefik.enable:true traefik.http.routers.keycloak.entrypoints:web traefik.http.routers.keycloak.rule:Host(`localhost`) url:https://access.redhat.com/containers/#/registry.access.redhat.com/ubi8-minimal/images/8.7-1049 vcs-ref:146fdafc2595e26f5f9c1b9a2b3f36bbca8237e4 vcs-type:git vendor:Red Hat, Inc. version:8.7]} Scope:local Time:1676998613 TimeNano:1676998613849095679}" providerName=docker
time="2023-02-21T16:56:53Z" level=debug msg="Filtering disabled container" providerName=docker container=traefik-keycloak-e6f95dded8400da25d2d29449c2493e5d78c7f10f7881a9f2b015680f9b8ca2d
time="2023-02-21T16:56:53Z" level=debug msg="Filtering disabled container" providerName=docker container=postgres-container-keycloak-4d496748e01a725f04276fa250e636ed891621a6d59b9cf7c6823a8a1888a38b
time="2023-02-21T16:56:53Z" level=debug msg="No default certificate, fallback to the internal generated certificate" tlsStoreName=default
time="2023-02-21T16:56:54Z" level=debug msg="No default certificate, fallback to the internal generated certificate" tlsStoreName=default
time="2023-02-21T16:56:55Z" level=debug msg="Configuration received: {\"http\":{\"routers\":{\"keycloak\":{\"entryPoints\":[\"web\"],\"service\":\"keycloak-keycloak\",\"rule\":\"Host(`localhost`)\"}},\"services\":{\"keycloak-keycloak\":{\"loadBalancer\":{\"servers\":[{\"url\":\"http://172.18.0.4:8080\"}],\"passHostHeader\":true}}}},\"tcp\":{},\"udp\":{}}" providerName=docker
time="2023-02-21T16:56:55Z" level=debug msg="No default certificate, fallback to the internal generated certificate" tlsStoreName=default
time="2023-02-21T16:56:55Z" level=debug msg="Creating middleware" routerName=keycloak@docker entryPointName=web serviceName=keycloak-keycloak middlewareName=pipelining middlewareType=Pipelining
time="2023-02-21T16:56:55Z" level=debug msg="Creating load-balancer" routerName=keycloak@docker entryPointName=web serviceName=keycloak-keycloak
time="2023-02-21T16:56:55Z" level=debug msg="Creating server 0 http://172.18.0.4:8080" serviceName=keycloak-keycloak serverName=0 routerName=keycloak@docker entryPointName=web
time="2023-02-21T16:56:55Z" level=debug msg="child http://172.18.0.4:8080 now UP"
time="2023-02-21T16:56:55Z" level=debug msg="Propagating new UP status"
time="2023-02-21T16:56:55Z" level=debug msg="Added outgoing tracing middleware keycloak-keycloak" entryPointName=web routerName=keycloak@docker middlewareType=TracingForwarder middlewareName=tracing
time="2023-02-21T16:56:55Z" level=debug msg="Creating middleware" entryPointName=web middlewareName=traefik-internal-recovery middlewareType=Recovery
